2019-08-27 13:26:41 INFO  LoginController:30 - lbcarson4 who is a EMPLOYEE logged in to the system.
2019-08-28 09:14:14 INFO  LoginController:30 - lbcarson4 who is a EMPLOYEE logged in to the system.
2019-08-28 09:15:56 INFO  LoginController:33 - lbcarson who is a F_N logged in to the system.
2019-08-28 09:16:29 INFO  LoginController:33 - lbcarson who is a F_N logged in to the system.
2019-08-28 09:17:26 INFO  CreateController:36 - lbcarson APPROVED reimbursement with the id of 41
2019-08-28 09:18:18 INFO  CreateController:36 - lbcarson DENIED reimbursement with the id of 42
2019-08-28 09:25:21 INFO  LoginController:34 - lbcarson4 who is a EMPLOYEE logged in to the system.
2019-08-28 09:45:31 INFO  LoginController:37 - lbcarson1 who is a EMPLOYEE logged in to the system.
2019-08-28 09:55:07 INFO  LoginController:37 - lbcarson1 who is a EMPLOYEE logged in to the system.
2019-08-28 09:55:07 INFO  LoginController:37 - lbcarson1 who is a EMPLOYEE logged in to the system.
2019-08-28 09:55:07 INFO  LoginController:37 - lbcarson1 who is a EMPLOYEE logged in to the system.
2019-08-28 09:55:07 INFO  LoginController:37 - lbcarson1 who is a EMPLOYEE logged in to the system.
2019-08-28 09:55:07 INFO  LoginController:37 - lbcarson1 who is a EMPLOYEE logged in to the system.
2019-08-28 09:55:07 INFO  LoginController:37 - lbcarson1 who is a EMPLOYEE logged in to the system.
2019-08-28 09:55:07 INFO  LoginController:37 - lbcarson1 who is a EMPLOYEE logged in to the system.
2019-08-28 09:55:07 INFO  LoginController:37 - lbcarson1 who is a EMPLOYEE logged in to the system.
2019-08-28 09:58:08 INFO  LoginController:37 - lbcarson1 who is a EMPLOYEE logged in to the system.
2019-08-28 10:00:09 INFO  LoginController:37 - lbcarson1 who is a EMPLOYEE logged in to the system.
2019-08-28 10:11:44 INFO  LoginController:39 - lbcarson1 who is a EMPLOYEE logged in to the system.
2019-08-28 10:13:50 INFO  CreateController:37 - lbcarson1 created a reimbursement.
2019-08-28 10:14:00 INFO  CreateController:37 - lbcarson1 created a reimbursement.
2019-08-28 10:14:09 INFO  CreateController:37 - lbcarson1 created a reimbursement.
2019-08-28 10:14:18 INFO  CreateController:37 - lbcarson1 created a reimbursement.
2019-08-28 10:17:16 INFO  LoginController:42 - lbcarson who is a F_N logged in to the system.
2019-08-28 10:17:51 INFO  LoginController:42 - lbcarson3 who is a F_N logged in to the system.
2019-08-28 10:19:41 INFO  LoginController:42 - lbcarson3 who is a F_N logged in to the system.
2019-08-28 10:19:44 INFO  TableViewController:28 - Reimbursement infomation was pulled from the database.
2019-08-28 12:50:22 INFO  LoginController:42 - lbcarson who is a F_M logged in to the system.
2019-08-28 12:50:26 INFO  TableViewController:37 - Reimbursement infomation was pulled from the database.
2019-08-28 12:51:32 INFO  UpdateController:36 - lbcarson APPROVED reimbursement with the id of 4
2019-08-28 12:51:37 INFO  TableViewController:37 - Reimbursement infomation was pulled from the database.
2019-08-29 09:20:13 INFO  LoginController:39 - lbcarson4 who is a EMPLOYEE logged in to the system.
2019-08-29 09:22:47 INFO  LoginController:42 - lbcarson3 who is a F_M logged in to the system.
2019-08-29 09:22:53 INFO  TableViewController:37 - Reimbursement infomation was pulled from the database.
2019-08-29 09:44:33 INFO  LoginController:39 - lbcarson4 who is a EMPLOYEE logged in to the system.
2019-08-30 09:37:26 INFO  LoginController:39 - lbcarson4 who is a EMPLOYEE logged in to the system.
2019-08-30 09:37:48 INFO  LoginController:42 - lbcarson3 who is a F_M logged in to the system.
2019-08-30 09:39:30 INFO  LoginController:42 - lbcarson3 who is a F_M logged in to the system.
2019-08-30 09:39:34 INFO  TableViewController:37 - Reimbursement infomation was pulled from the database.
2019-08-30 19:37:39 INFO  LoginController:46 - lbcarson who is a F_M logged in to the system.
2019-08-30 19:37:59 INFO  LoginController:43 - lbcarson1 who is a EMPLOYEE logged in to the system.
2019-08-30 19:39:05 INFO  LoginController:43 - lbcarson1 who is a EMPLOYEE logged in to the system.
2019-08-30 19:39:09 INFO  TableViewController:41 - Reimbursement infomation was pulled from the database.
2019-08-30 19:39:09 INFO  TableViewController:41 - Reimbursement infomation was pulled from the database.
2019-08-30 19:39:20 INFO  TableViewController:41 - Reimbursement infomation was pulled from the database.
2019-08-30 19:39:21 INFO  TableViewController:41 - Reimbursement infomation was pulled from the database.
2019-08-30 19:39:35 INFO  TableViewController:41 - Reimbursement infomation was pulled from the database.
2019-08-30 19:39:36 INFO  TableViewController:41 - Reimbursement infomation was pulled from the database.
2019-08-30 19:39:40 INFO  TableViewController:41 - Reimbursement infomation was pulled from the database.
2019-08-30 19:39:40 INFO  TableViewController:41 - Reimbursement infomation was pulled from the database.
2019-08-30 19:42:06 INFO  TableViewController:41 - Reimbursement infomation was pulled from the database.
2019-08-30 19:42:06 INFO  TableViewController:41 - Reimbursement infomation was pulled from the database.
2019-08-30 19:43:39 INFO  TableViewController:41 - Reimbursement infomation was pulled from the database.
2019-08-30 19:46:22 INFO  TableViewController:41 - Reimbursement infomation was pulled from the database.
2019-08-30 19:46:29 INFO  TableViewController:41 - Reimbursement infomation was pulled from the database.
2019-08-30 19:46:59 INFO  TableViewController:41 - Reimbursement infomation was pulled from the database.
2019-08-30 19:48:10 INFO  TableViewController:41 - Reimbursement infomation was pulled from the database.
2019-08-30 19:48:18 INFO  TableViewController:41 - Reimbursement infomation was pulled from the database.
2019-08-30 19:49:53 INFO  TableViewController:41 - Reimbursement infomation was pulled from the database.
2019-08-30 19:50:33 INFO  TableViewController:41 - Reimbursement infomation was pulled from the database.
2019-08-30 19:52:29 INFO  LoginController:46 - lbcarson who is a F_M logged in to the system.
2019-08-30 19:52:32 INFO  TableViewController:41 - Reimbursement infomation was pulled from the database.
2019-08-30 19:52:46 INFO  TableViewController:41 - Reimbursement infomation was pulled from the database.
2019-08-30 19:52:49 INFO  TableViewController:41 - Reimbursement infomation was pulled from the database.
2019-08-30 19:52:52 INFO  TableViewController:41 - Reimbursement infomation was pulled from the database.
2019-08-30 19:55:53 INFO  TableViewController:41 - Reimbursement infomation was pulled from the database.
2019-08-30 19:56:18 INFO  TableViewController:41 - Reimbursement infomation was pulled from the database.
2019-08-30 19:56:48 INFO  LoginController:46 - lbcarson who is a F_M logged in to the system.
2019-08-30 19:57:02 INFO  TableViewController:41 - Reimbursement infomation was pulled from the database.
2019-08-30 19:59:07 INFO  TableViewController:41 - Reimbursement infomation was pulled from the database.
2019-08-30 19:59:30 INFO  TableViewController:41 - Reimbursement infomation was pulled from the database.
2019-08-30 19:59:48 INFO  LoginController:43 - lbcarson1 who is a EMPLOYEE logged in to the system.
2019-08-30 20:00:20 INFO  LoginController:46 - lbcarson3 who is a F_M logged in to the system.
2019-08-30 20:00:38 INFO  UpdateController:39 - lbcarson3 DENIED reimbursement with the id of 2
2019-08-30 20:01:53 INFO  TableViewController:41 - Reimbursement infomation was pulled from the database.
2019-08-30 20:05:42 INFO  LoginController:43 - lbcarson4 who is a EMPLOYEE logged in to the system.
2019-08-30 20:05:55 INFO  CreateController:42 - lbcarson4 created a reimbursement.
2019-08-30 20:06:00 INFO  TableViewController:41 - Reimbursement infomation was pulled from the database.
2019-08-30 22:33:30 INFO  LoginController:46 - lbcarson who is a F_M logged in to the system.
2019-08-31 16:26:03 INFO  LoginController:43 - lbcarson1 who is a EMPLOYEE logged in to the system.
2019-08-31 16:26:10 INFO  TableViewController:41 - Reimbursement infomation was pulled from the database.
2019-08-31 16:26:43 INFO  CreateController:42 - lbcarson1 created a reimbursement.
2019-08-31 16:26:48 INFO  TableViewController:41 - Reimbursement infomation was pulled from the database.
2019-08-31 16:27:05 INFO  LoginController:43 - lbcarson2 who is a EMPLOYEE logged in to the system.
2019-08-31 16:27:15 INFO  LoginController:46 - lbcarson3 who is a F_M logged in to the system.
2019-08-31 16:27:22 INFO  TableViewController:41 - Reimbursement infomation was pulled from the database.
2019-08-31 16:29:47 INFO  UpdateController:39 - lbcarson3 APPROVED reimbursement with the id of 1
2019-08-31 16:29:53 INFO  TableViewController:41 - Reimbursement infomation was pulled from the database.
2019-08-31 16:30:30 INFO  LoginController:43 - lbcarson1 who is a EMPLOYEE logged in to the system.
2019-08-31 16:34:06 INFO  LoginController:43 - lbcarson1 who is a EMPLOYEE logged in to the system.
2019-08-31 16:46:16 INFO  LoginController:43 - lbcarson1 who is a EMPLOYEE logged in to the system.
2019-08-31 16:47:10 INFO  LoginController:43 - lbcarson1 who is a EMPLOYEE logged in to the system.
2019-08-31 16:47:37 INFO  LoginController:43 - lbcarson1 who is a EMPLOYEE logged in to the system.
2019-08-31 16:47:58 INFO  LoginController:43 - lbcarson1 who is a EMPLOYEE logged in to the system.
2019-08-31 16:48:18 INFO  LoginController:43 - lbcarson1 who is a EMPLOYEE logged in to the system.
2019-08-31 16:48:48 INFO  LoginController:43 - lbcarson1 who is a EMPLOYEE logged in to the system.
2019-08-31 16:49:16 INFO  LoginController:43 - lbcarson1 who is a EMPLOYEE logged in to the system.
2019-08-31 16:49:26 INFO  LoginController:43 - lbcarson1 who is a EMPLOYEE logged in to the system.
2019-08-31 16:49:38 INFO  LoginController:43 - lbcarson1 who is a EMPLOYEE logged in to the system.
2019-08-31 16:50:19 INFO  LoginController:43 - lbcarson1 who is a EMPLOYEE logged in to the system.
2019-08-31 16:51:01 INFO  LoginController:43 - lbcarson1 who is a EMPLOYEE logged in to the system.
2019-08-31 16:52:20 INFO  LoginController:43 - lbcarson1 who is a EMPLOYEE logged in to the system.
2019-08-31 16:52:42 INFO  LoginController:43 - lbcarson1 who is a EMPLOYEE logged in to the system.
2019-08-31 16:52:57 INFO  LoginController:43 - lbcarson1 who is a EMPLOYEE logged in to the system.
2019-08-31 16:53:10 INFO  LoginController:43 - lbcarson1 who is a EMPLOYEE logged in to the system.
2019-08-31 16:53:49 INFO  TableViewController:41 - Reimbursement infomation was pulled from the database.
2019-08-31 16:55:37 INFO  TableViewController:41 - Reimbursement infomation was pulled from the database.
2019-08-31 16:55:52 INFO  LoginController:46 - lbcarson3 who is a F_M logged in to the system.
2019-09-01 13:13:42 INFO  LoginController:43 - lbcarson1 who is a EMPLOYEE logged in to the system.
2019-09-01 13:14:07 INFO  TableViewController:41 - Reimbursement infomation was pulled from the database.
2019-09-01 13:23:04 INFO  LoginController:46 - lbcarson3 who is a F_M logged in to the system.
2019-09-01 13:24:50 INFO  LoginController:43 - lbcarson1 who is a EMPLOYEE logged in to the system.
2019-09-01 13:24:53 INFO  TableViewController:41 - Reimbursement infomation was pulled from the database.
2019-09-01 13:25:20 INFO  LoginController:46 - lbcarson3 who is a F_M logged in to the system.
2019-09-01 13:34:26 INFO  LoginController:46 - lbcarson3 who is a F_M logged in to the system.
2019-09-01 13:40:28 INFO  LoginController:46 - lbcarson3 who is a F_M logged in to the system.
2019-09-01 13:40:31 INFO  TableViewController:41 - Reimbursement infomation was pulled from the database.
2019-09-01 13:43:38 INFO  TableViewController:41 - Reimbursement infomation was pulled from the database.
2019-09-01 13:44:36 INFO  TableViewController:41 - Reimbursement infomation was pulled from the database.
2019-09-01 13:48:30 INFO  TableViewController:41 - Reimbursement infomation was pulled from the database.
2019-09-01 13:48:59 INFO  TableViewController:41 - Reimbursement infomation was pulled from the database.
2019-09-01 13:49:33 INFO  TableViewController:41 - Reimbursement infomation was pulled from the database.
2019-09-01 13:50:56 INFO  TableViewController:41 - Reimbursement infomation was pulled from the database.
2019-09-01 14:22:33 INFO  LoginController:46 - lbcarson3 who is a F_M logged in to the system.
2019-09-01 14:22:37 INFO  TableViewController:41 - Reimbursement infomation was pulled from the database.
2019-09-01 17:25:11 INFO  LoginController:43 - lbcarson1 who is a EMPLOYEE logged in to the system.
2019-09-01 17:25:31 INFO  TableViewController:41 - Reimbursement infomation was pulled from the database.
2019-09-01 17:27:08 INFO  LoginController:43 - lbcarson1 who is a EMPLOYEE logged in to the system.
2019-09-02 12:04:48 INFO  LoginController:43 - lbcarson4 who is a EMPLOYEE logged in to the system.
2019-09-02 12:05:19 INFO  LoginController:43 - lbcarson1 who is a EMPLOYEE logged in to the system.
2019-09-02 12:05:59 INFO  LoginController:46 - lbcarson3 who is a F_M logged in to the system.
2019-09-02 12:06:03 INFO  TableViewController:41 - Reimbursement infomation was pulled from the database.
2019-09-02 12:07:40 INFO  TableViewController:41 - Reimbursement infomation was pulled from the database.
2019-09-02 12:07:44 INFO  TableViewController:41 - Reimbursement infomation was pulled from the database.
2019-09-02 12:08:01 INFO  TableViewController:41 - Reimbursement infomation was pulled from the database.
2019-09-02 12:08:22 INFO  TableViewController:41 - Reimbursement infomation was pulled from the database.
2019-09-02 12:09:07 INFO  TableViewController:41 - Reimbursement infomation was pulled from the database.
2019-09-02 12:10:23 INFO  LoginController:46 - lbcarson3 who is a F_M logged in to the system.
2019-09-02 12:10:26 INFO  TableViewController:41 - Reimbursement infomation was pulled from the database.
2019-09-02 12:33:52 INFO  TableViewController:41 - Reimbursement infomation was pulled from the database.
2019-09-02 12:33:54 INFO  TableViewController:41 - Reimbursement infomation was pulled from the database.
2019-09-02 12:34:14 INFO  TableViewController:41 - Reimbursement infomation was pulled from the database.
2019-09-02 12:34:15 INFO  TableViewController:41 - Reimbursement infomation was pulled from the database.
2019-09-02 12:39:30 INFO  TableViewController:41 - Reimbursement infomation was pulled from the database.
2019-09-02 12:42:07 INFO  TableViewController:41 - Reimbursement infomation was pulled from the database.
2019-09-02 12:43:50 INFO  LoginController:46 - lbcarson3 who is a F_M logged in to the system.
2019-09-02 12:44:03 INFO  TableViewController:41 - Reimbursement infomation was pulled from the database.
2019-09-02 12:45:12 INFO  TableViewController:41 - Reimbursement infomation was pulled from the database.
2019-09-02 12:45:14 INFO  TableViewController:41 - Reimbursement infomation was pulled from the database.
2019-09-02 12:47:22 INFO  TableViewController:41 - Reimbursement infomation was pulled from the database.
2019-09-02 12:52:17 INFO  LoginController:46 - lbcarson3 who is a F_M logged in to the system.
2019-09-02 12:52:19 INFO  TableViewController:41 - Reimbursement infomation was pulled from the database.
2019-09-02 12:53:42 INFO  TableViewController:41 - Reimbursement infomation was pulled from the database.
2019-09-02 12:54:48 INFO  TableViewController:41 - Reimbursement infomation was pulled from the database.
2019-09-02 12:54:51 INFO  TableViewController:41 - Reimbursement infomation was pulled from the database.
2019-09-02 12:54:52 INFO  TableViewController:41 - Reimbursement infomation was pulled from the database.
2019-09-02 12:54:53 INFO  TableViewController:41 - Reimbursement infomation was pulled from the database.
2019-09-02 13:18:49 INFO  TableViewController:41 - Reimbursement infomation was pulled from the database.
2019-09-02 13:24:11 INFO  TableViewController:41 - Reimbursement infomation was pulled from the database.
2019-09-02 13:25:46 INFO  LoginController:46 - lbcarson3 who is a F_M logged in to the system.
2019-09-02 13:25:49 INFO  TableViewController:41 - Reimbursement infomation was pulled from the database.
2019-09-02 13:28:07 INFO  TableViewController:41 - Reimbursement infomation was pulled from the database.
2019-09-02 13:28:57 INFO  TableViewController:41 - Reimbursement infomation was pulled from the database.
2019-09-02 13:29:14 INFO  TableViewController:41 - Reimbursement infomation was pulled from the database.
2019-09-02 13:30:11 INFO  TableViewController:41 - Reimbursement infomation was pulled from the database.
2019-09-02 13:31:33 INFO  TableViewController:41 - Reimbursement infomation was pulled from the database.
2019-09-02 13:33:04 INFO  TableViewController:41 - Reimbursement infomation was pulled from the database.
2019-09-02 13:33:56 INFO  TableViewController:41 - Reimbursement infomation was pulled from the database.
2019-09-02 13:35:00 INFO  TableViewController:41 - Reimbursement infomation was pulled from the database.
2019-09-02 13:38:09 INFO  TableViewController:41 - Reimbursement infomation was pulled from the database.
2019-09-02 13:42:56 INFO  TableViewController:41 - Reimbursement infomation was pulled from the database.
2019-09-02 13:42:57 INFO  TableViewController:41 - Reimbursement infomation was pulled from the database.
2019-09-02 13:43:22 INFO  TableViewController:41 - Reimbursement infomation was pulled from the database.
2019-09-02 13:43:39 INFO  TableViewController:41 - Reimbursement infomation was pulled from the database.
2019-09-02 13:43:41 INFO  TableViewController:41 - Reimbursement infomation was pulled from the database.
2019-09-02 13:44:24 INFO  TableViewController:41 - Reimbursement infomation was pulled from the database.
2019-09-02 13:44:50 INFO  TableViewController:41 - Reimbursement infomation was pulled from the database.
2019-09-02 13:45:12 INFO  TableViewController:41 - Reimbursement infomation was pulled from the database.
2019-09-02 13:46:22 INFO  TableViewController:41 - Reimbursement infomation was pulled from the database.
2019-09-02 13:50:00 INFO  TableViewController:41 - Reimbursement infomation was pulled from the database.
2019-09-02 13:50:32 INFO  LoginController:46 - lbcarson3 who is a F_M logged in to the system.
2019-09-02 13:51:16 INFO  LoginController:46 - lbcarson3 who is a F_M logged in to the system.
2019-09-02 13:51:22 INFO  TableViewController:41 - Reimbursement infomation was pulled from the database.
2019-09-02 13:51:24 INFO  TableViewController:41 - Reimbursement infomation was pulled from the database.
2019-09-02 13:52:11 INFO  LoginController:43 - lbcarson1 who is a EMPLOYEE logged in to the system.
2019-09-02 13:53:08 INFO  TableViewController:41 - Reimbursement infomation was pulled from the database.
2019-09-02 13:57:47 INFO  TableViewController:41 - Reimbursement infomation was pulled from the database.
2019-09-02 14:04:52 INFO  LoginController:46 - lbcarson3 who is a F_M logged in to the system.
2019-09-02 14:04:57 INFO  TableViewController:41 - Reimbursement infomation was pulled from the database.
2019-09-02 14:05:45 INFO  UpdateController:39 - lbcarson3 DENIED reimbursement with the id of 41
2019-09-02 14:05:47 INFO  TableViewController:41 - Reimbursement infomation was pulled from the database.
2019-09-02 14:19:53 INFO  LoginController:46 - lbcarson3 who is a F_M logged in to the system.
2019-09-02 14:19:57 INFO  TableViewController:41 - Reimbursement infomation was pulled from the database.
2019-09-02 14:21:41 INFO  LoginController:46 - lbcarson3 who is a F_M logged in to the system.
2019-09-02 14:21:54 INFO  TableViewController:41 - Reimbursement infomation was pulled from the database.
2019-09-02 14:22:23 INFO  LoginController:46 - lbcarson3 who is a F_M logged in to the system.
2019-09-02 14:22:26 INFO  TableViewController:41 - Reimbursement infomation was pulled from the database.
2019-09-02 14:48:38 INFO  LoginController:46 - lbcarson3 who is a F_M logged in to the system.
2019-09-02 14:48:52 INFO  TableViewController:41 - Reimbursement infomation was pulled from the database.
2019-09-02 14:51:56 INFO  TableViewController:41 - Reimbursement infomation was pulled from the database.
2019-09-02 14:54:17 INFO  LoginController:43 - lbcarson1 who is a EMPLOYEE logged in to the system.
2019-09-02 14:54:21 INFO  TableViewController:41 - Reimbursement infomation was pulled from the database.
2019-09-02 15:16:21 INFO  LoginController:46 - lbcarson3 who is a F_M logged in to the system.
2019-09-02 15:16:37 INFO  TableViewController:41 - Reimbursement infomation was pulled from the database.
2019-09-02 15:21:28 INFO  UpdateController:39 - lbcarson3 APPROVED reimbursement with the id of 3
2019-09-02 15:21:33 INFO  TableViewController:41 - Reimbursement infomation was pulled from the database.
2019-09-02 15:21:53 INFO  LoginController:43 - lbcarson1 who is a EMPLOYEE logged in to the system.
2019-09-02 15:22:44 INFO  CreateController:42 - lbcarson1 created a reimbursement.
2019-09-02 15:22:49 INFO  TableViewController:41 - Reimbursement infomation was pulled from the database.
2019-09-02 15:28:10 INFO  LoginController:46 - lbcarson3 who is a F_M logged in to the system.
2019-09-02 15:48:37 INFO  LoginController:43 - lbcarson1 who is a EMPLOYEE logged in to the system.
2019-09-02 15:49:01 INFO  TableViewController:41 - Reimbursement infomation was pulled from the database.
2019-09-02 15:49:11 INFO  TableViewController:41 - Reimbursement infomation was pulled from the database.
2019-09-02 15:53:52 INFO  TableViewController:41 - Reimbursement infomation was pulled from the database.
2019-09-02 15:54:49 INFO  TableViewController:41 - Reimbursement infomation was pulled from the database.
2019-09-02 16:00:03 INFO  LoginController:46 - lbcarson3 who is a F_M logged in to the system.
2019-09-02 16:03:00 INFO  TableViewController:41 - Reimbursement infomation was pulled from the database.
2019-09-02 16:03:02 INFO  TableViewController:41 - Reimbursement infomation was pulled from the database.
2019-09-02 16:03:05 INFO  TableViewController:41 - Reimbursement infomation was pulled from the database.
2019-09-02 16:03:24 INFO  LoginController:43 - lbcarson1 who is a EMPLOYEE logged in to the system.
2019-09-02 16:03:27 INFO  TableViewController:41 - Reimbursement infomation was pulled from the database.
2019-09-02 16:03:30 INFO  TableViewController:41 - Reimbursement infomation was pulled from the database.
2019-09-02 16:04:17 INFO  TableViewController:41 - Reimbursement infomation was pulled from the database.
2019-09-02 16:05:36 INFO  TableViewController:41 - Reimbursement infomation was pulled from the database.
2019-09-02 16:07:13 INFO  LoginController:46 - lbcarson3 who is a F_M logged in to the system.
2019-09-02 16:07:19 INFO  TableViewController:41 - Reimbursement infomation was pulled from the database.
2019-09-02 16:07:23 INFO  TableViewController:41 - Reimbursement infomation was pulled from the database.
2019-09-02 16:08:08 INFO  TableViewController:41 - Reimbursement infomation was pulled from the database.
2019-09-02 16:11:40 INFO  LoginController:43 - lbcarson1 who is a EMPLOYEE logged in to the system.
2019-09-02 16:11:58 INFO  CreateController:42 - lbcarson1 created a reimbursement.
2019-09-02 16:12:05 INFO  TableViewController:41 - Reimbursement infomation was pulled from the database.
2019-09-02 16:22:26 INFO  TableViewController:41 - Reimbursement infomation was pulled from the database.
2019-09-02 16:22:38 INFO  TableViewController:41 - Reimbursement infomation was pulled from the database.
2019-09-02 16:23:25 INFO  TableViewController:41 - Reimbursement infomation was pulled from the database.
2019-09-02 16:23:49 INFO  TableViewController:41 - Reimbursement infomation was pulled from the database.
2019-09-02 16:26:58 INFO  TableViewController:41 - Reimbursement infomation was pulled from the database.
2019-09-02 16:27:34 INFO  TableViewController:41 - Reimbursement infomation was pulled from the database.
2019-09-02 16:31:45 INFO  TableViewController:41 - Reimbursement infomation was pulled from the database.
2019-09-02 16:49:12 INFO  LoginController:43 - lbcarson1 who is a EMPLOYEE logged in to the system.
2019-09-02 16:50:31 INFO  CreateController:42 - lbcarson1 created a reimbursement.
2019-09-02 16:50:38 INFO  TableViewController:41 - Reimbursement infomation was pulled from the database.
2019-09-02 16:51:47 INFO  LoginController:46 - lbcarson3 who is a F_M logged in to the system.
2019-09-02 16:52:04 INFO  TableViewController:41 - Reimbursement infomation was pulled from the database.
2019-09-02 16:53:24 INFO  UpdateController:39 - lbcarson3 APPROVED reimbursement with the id of 63
2019-09-02 16:53:30 INFO  TableViewController:41 - Reimbursement infomation was pulled from the database.
2019-09-02 16:54:26 INFO  LoginController:43 - lbcarson1 who is a EMPLOYEE logged in to the system.
2019-09-03 13:46:07 INFO  LoginController:43 - walterwhite1 who is a EMPLOYEE logged in to the system.
2019-09-03 13:47:21 INFO  CreateController:42 - walterwhite1 created a reimbursement.
2019-09-03 13:48:08 INFO  CreateController:42 - walterwhite1 created a reimbursement.
2019-09-03 14:20:59 INFO  LoginController:43 - walterwhite1 who is a EMPLOYEE logged in to the system.
2019-09-03 14:22:17 INFO  CreateController:42 - walterwhite1 created a reimbursement.
2019-09-03 14:22:49 INFO  CreateController:42 - walterwhite1 created a reimbursement.
2019-09-03 14:23:24 INFO  CreateController:42 - walterwhite1 created a reimbursement.
2019-09-03 14:29:17 INFO  CreateController:42 - walterwhite1 created a reimbursement.
2019-09-03 14:34:53 INFO  CreateController:42 - walterwhite1 created a reimbursement.
2019-09-03 14:34:58 INFO  TableViewController:41 - Reimbursement infomation was pulled from the database.
2019-09-03 14:41:25 INFO  LoginController:43 - johnsmith35 who is a EMPLOYEE logged in to the system.
2019-09-03 14:41:59 INFO  CreateController:42 - johnsmith35 created a reimbursement.
2019-09-03 14:53:38 INFO  CreateController:42 - johnsmith35 created a reimbursement.
2019-09-03 14:54:11 INFO  CreateController:42 - johnsmith35 created a reimbursement.
2019-09-03 14:55:00 INFO  CreateController:42 - johnsmith35 created a reimbursement.
2019-09-03 14:56:06 INFO  CreateController:42 - johnsmith35 created a reimbursement.
2019-09-03 14:56:09 INFO  TableViewController:41 - Reimbursement infomation was pulled from the database.
2019-09-03 14:57:46 INFO  LoginController:43 - john117 who is a EMPLOYEE logged in to the system.
2019-09-03 14:58:10 INFO  CreateController:42 - john117 created a reimbursement.
2019-09-03 14:58:58 INFO  CreateController:42 - john117 created a reimbursement.
2019-09-03 15:00:04 INFO  CreateController:42 - john117 created a reimbursement.
2019-09-03 15:07:46 INFO  CreateController:42 - john117 created a reimbursement.
2019-09-03 15:08:01 INFO  CreateController:42 - john117 created a reimbursement.
2019-09-03 15:34:58 INFO  LoginController:43 - emilypeck267 who is a EMPLOYEE logged in to the system.
2019-09-03 15:35:18 INFO  CreateController:42 - emilypeck267 created a reimbursement.
2019-09-03 15:36:04 INFO  CreateController:42 - emilypeck267 created a reimbursement.
2019-09-03 15:36:24 INFO  CreateController:42 - emilypeck267 created a reimbursement.
2019-09-03 15:37:04 INFO  CreateController:42 - emilypeck267 created a reimbursement.
2019-09-03 15:38:10 INFO  CreateController:42 - emilypeck267 created a reimbursement.
2019-09-03 15:38:15 INFO  TableViewController:41 - Reimbursement infomation was pulled from the database.
2019-09-03 15:38:41 INFO  LoginController:46 - adminkyle who is a F_M logged in to the system.
2019-09-03 15:38:44 INFO  TableViewController:41 - Reimbursement infomation was pulled from the database.
2019-09-03 15:45:42 INFO  TableViewController:41 - Reimbursement infomation was pulled from the database.
2019-09-03 15:53:00 INFO  LoginController:46 - adminkyle who is a F_M logged in to the system.
2019-09-03 15:53:04 INFO  TableViewController:41 - Reimbursement infomation was pulled from the database.
2019-09-03 15:54:57 INFO  TableViewController:41 - Reimbursement infomation was pulled from the database.
2019-09-03 15:56:40 INFO  TableViewController:41 - Reimbursement infomation was pulled from the database.
2019-09-03 15:58:02 INFO  LoginController:46 - adminkyle who is a F_M logged in to the system.
2019-09-03 15:58:06 INFO  TableViewController:41 - Reimbursement infomation was pulled from the database.
2019-09-03 15:58:38 INFO  TableViewController:41 - Reimbursement infomation was pulled from the database.
2019-09-03 15:58:55 INFO  TableViewController:41 - Reimbursement infomation was pulled from the database.
2019-09-03 15:59:13 INFO  TableViewController:41 - Reimbursement infomation was pulled from the database.
2019-09-03 16:00:41 INFO  TableViewController:41 - Reimbursement infomation was pulled from the database.
2019-09-03 16:01:13 INFO  TableViewController:41 - Reimbursement infomation was pulled from the database.
2019-09-03 16:02:05 INFO  TableViewController:41 - Reimbursement infomation was pulled from the database.
2019-09-03 16:02:44 INFO  TableViewController:41 - Reimbursement infomation was pulled from the database.
2019-09-03 16:03:35 INFO  TableViewController:41 - Reimbursement infomation was pulled from the database.
2019-09-03 16:05:09 INFO  TableViewController:41 - Reimbursement infomation was pulled from the database.
2019-09-03 16:06:01 INFO  TableViewController:41 - Reimbursement infomation was pulled from the database.
2019-09-03 16:07:06 INFO  TableViewController:41 - Reimbursement infomation was pulled from the database.
2019-09-03 16:08:08 INFO  TableViewController:41 - Reimbursement infomation was pulled from the database.
2019-09-03 16:09:24 INFO  TableViewController:41 - Reimbursement infomation was pulled from the database.
2019-09-03 16:10:16 INFO  TableViewController:41 - Reimbursement infomation was pulled from the database.
2019-09-03 16:10:58 INFO  TableViewController:41 - Reimbursement infomation was pulled from the database.
2019-09-03 16:11:24 INFO  TableViewController:41 - Reimbursement infomation was pulled from the database.
2019-09-03 16:11:25 INFO  TableViewController:41 - Reimbursement infomation was pulled from the database.
2019-09-03 16:12:02 INFO  TableViewController:41 - Reimbursement infomation was pulled from the database.
2019-09-03 16:12:17 INFO  TableViewController:41 - Reimbursement infomation was pulled from the database.
2019-09-03 16:12:32 INFO  TableViewController:41 - Reimbursement infomation was pulled from the database.
2019-09-03 16:12:50 INFO  TableViewController:41 - Reimbursement infomation was pulled from the database.
2019-09-03 16:13:02 INFO  TableViewController:41 - Reimbursement infomation was pulled from the database.
2019-09-03 16:13:14 INFO  TableViewController:41 - Reimbursement infomation was pulled from the database.
2019-09-03 16:13:35 INFO  TableViewController:41 - Reimbursement infomation was pulled from the database.
2019-09-03 16:13:50 INFO  TableViewController:41 - Reimbursement infomation was pulled from the database.
2019-09-03 16:15:18 INFO  TableViewController:41 - Reimbursement infomation was pulled from the database.
2019-09-03 16:17:18 INFO  LoginController:43 - walterwhite1 who is a EMPLOYEE logged in to the system.
2019-09-03 16:17:30 INFO  TableViewController:41 - Reimbursement infomation was pulled from the database.
2019-09-03 16:18:36 INFO  LoginController:43 - walterwhite1 who is a EMPLOYEE logged in to the system.
2019-09-03 16:19:55 INFO  LoginController:43 - walterwhite1 who is a EMPLOYEE logged in to the system.
2019-09-03 16:21:58 INFO  TableViewController:41 - Reimbursement infomation was pulled from the database.
2019-09-03 16:22:24 INFO  TableViewController:41 - Reimbursement infomation was pulled from the database.
2019-09-03 16:52:04 INFO  LoginController:43 - walterwhite1 who is a EMPLOYEE logged in to the system.
2019-09-03 16:52:42 INFO  CreateController:42 - walterwhite1 created a reimbursement.
2019-09-03 16:52:48 INFO  TableViewController:41 - Reimbursement infomation was pulled from the database.
2019-09-03 16:53:42 INFO  LoginController:46 - adminkyle who is a F_M logged in to the system.
2019-09-03 16:53:57 INFO  TableViewController:41 - Reimbursement infomation was pulled from the database.
2019-09-03 16:55:00 INFO  UpdateController:39 - adminkyle APPROVED reimbursement with the id of 4
2019-09-03 16:55:05 INFO  TableViewController:41 - Reimbursement infomation was pulled from the database.
2019-09-03 17:22:15 INFO  LoginController:43 - walterwhite1 who is a EMPLOYEE logged in to the system.
2019-09-03 17:23:02 INFO  TableViewController:41 - Reimbursement infomation was pulled from the database.
2019-09-03 17:23:24 INFO  TableViewController:41 - Reimbursement infomation was pulled from the database.
2019-09-03 17:24:24 INFO  LoginController:43 - walterwhite1 who is a EMPLOYEE logged in to the system.
2019-09-03 17:24:26 INFO  TableViewController:41 - Reimbursement infomation was pulled from the database.
2019-09-03 19:31:10 INFO  LoginController:43 - walterwhite1 who is a EMPLOYEE logged in to the system.
2019-09-03 19:31:23 INFO  LoginController:43 - walterwhite1 who is a EMPLOYEE logged in to the system.
2019-09-03 19:32:20 INFO  TableViewController:41 - Reimbursement infomation was pulled from the database.
2019-09-03 19:33:15 INFO  TableViewController:41 - Reimbursement infomation was pulled from the database.
2019-09-04 08:48:25 INFO  LoginController:43 - walterwhite1 who is a EMPLOYEE logged in to the system.
2019-09-04 08:49:28 INFO  LoginController:43 - walterwhite1 who is a EMPLOYEE logged in to the system.
2019-09-04 08:51:16 INFO  CreateController:42 - walterwhite1 created a reimbursement.
2019-09-04 08:51:38 INFO  TableViewController:41 - Reimbursement infomation was pulled from the database.
2019-09-04 08:53:57 INFO  LoginController:43 - walterwhite1 who is a EMPLOYEE logged in to the system.
2019-09-04 08:55:58 INFO  LoginController:46 - adminkyle who is a F_M logged in to the system.
2019-09-04 08:56:07 INFO  TableViewController:41 - Reimbursement infomation was pulled from the database.
2019-09-04 08:56:45 INFO  UpdateController:39 - adminkyle APPROVED reimbursement with the id of 41
2019-09-04 08:56:54 INFO  UpdateController:39 - adminkyle APPROVED reimbursement with the id of 41
2019-09-04 09:17:16 INFO  LoginController:43 - walterwhite1 who is a EMPLOYEE logged in to the system.
2019-09-04 09:17:22 INFO  TableViewController:41 - Reimbursement infomation was pulled from the database.
2019-09-04 11:14:53 INFO  LoginController:43 - walterwhite1 who is a EMPLOYEE logged in to the system.
2019-09-04 11:56:21 INFO  LoginController:43 - walterwhite1 who is a EMPLOYEE logged in to the system.
2019-09-04 11:56:24 INFO  TableViewController:41 - Reimbursement infomation was pulled from the database.
2019-09-04 11:57:06 INFO  TableViewController:41 - Reimbursement infomation was pulled from the database.
2019-09-04 11:57:24 INFO  TableViewController:41 - Reimbursement infomation was pulled from the database.
2019-09-04 12:46:17 INFO  LoginController:43 - walterwhite1 who is a EMPLOYEE logged in to the system.
2019-09-04 12:46:19 INFO  TableViewController:41 - Reimbursement infomation was pulled from the database.
2019-09-04 12:47:28 INFO  TableViewController:41 - Reimbursement infomation was pulled from the database.
2019-09-04 12:47:44 INFO  LoginController:43 - walterwhite1 who is a EMPLOYEE logged in to the system.
2019-09-04 12:47:47 INFO  TableViewController:41 - Reimbursement infomation was pulled from the database.
2019-09-04 12:48:03 INFO  TableViewController:41 - Reimbursement infomation was pulled from the database.
2019-09-04 13:44:34 INFO  LoginController:43 - walterwhite1 who is a EMPLOYEE logged in to the system.
2019-09-04 13:44:47 INFO  TableViewController:41 - Reimbursement infomation was pulled from the database.
2019-09-04 13:45:36 INFO  CreateController:42 - walterwhite1 created a reimbursement.
2019-09-04 13:45:40 INFO  TableViewController:41 - Reimbursement infomation was pulled from the database.
2019-09-04 13:46:14 INFO  LoginController:46 - adminkyle who is a F_M logged in to the system.
2019-09-04 13:46:28 INFO  TableViewController:41 - Reimbursement infomation was pulled from the database.
2019-09-04 13:47:28 INFO  UpdateController:39 - adminkyle DENIED reimbursement with the id of 3
2019-09-04 13:47:31 INFO  TableViewController:41 - Reimbursement infomation was pulled from the database.
2019-09-04 16:22:49 INFO  LoginController:43 - walterwhite1 who is a EMPLOYEE logged in to the system.
2019-09-04 16:22:53 INFO  TableViewController:41 - Reimbursement infomation was pulled from the database.
