2019-08-27 13:26:41 INFO  LoginController:30 - lbcarson4 who is a EMPLOYEE logged in to the system.
2019-08-28 09:14:14 INFO  LoginController:30 - lbcarson4 who is a EMPLOYEE logged in to the system.
2019-08-28 09:15:56 INFO  LoginController:33 - lbcarson who is a F_N logged in to the system.
2019-08-28 09:16:29 INFO  LoginController:33 - lbcarson who is a F_N logged in to the system.
2019-08-28 09:17:26 INFO  CreateController:36 - lbcarson APPROVED reimbursement with the id of 41
2019-08-28 09:18:18 INFO  CreateController:36 - lbcarson DENIED reimbursement with the id of 42
2019-08-28 09:25:21 INFO  LoginController:34 - lbcarson4 who is a EMPLOYEE logged in to the system.
2019-08-28 09:45:31 INFO  LoginController:37 - lbcarson1 who is a EMPLOYEE logged in to the system.
2019-08-28 09:55:07 INFO  LoginController:37 - lbcarson1 who is a EMPLOYEE logged in to the system.
2019-08-28 09:55:07 INFO  LoginController:37 - lbcarson1 who is a EMPLOYEE logged in to the system.
2019-08-28 09:55:07 INFO  LoginController:37 - lbcarson1 who is a EMPLOYEE logged in to the system.
2019-08-28 09:55:07 INFO  LoginController:37 - lbcarson1 who is a EMPLOYEE logged in to the system.
2019-08-28 09:55:07 INFO  LoginController:37 - lbcarson1 who is a EMPLOYEE logged in to the system.
2019-08-28 09:55:07 INFO  LoginController:37 - lbcarson1 who is a EMPLOYEE logged in to the system.
2019-08-28 09:55:07 INFO  LoginController:37 - lbcarson1 who is a EMPLOYEE logged in to the system.
2019-08-28 09:55:07 INFO  LoginController:37 - lbcarson1 who is a EMPLOYEE logged in to the system.
2019-08-28 09:58:08 INFO  LoginController:37 - lbcarson1 who is a EMPLOYEE logged in to the system.
2019-08-28 10:00:09 INFO  LoginController:37 - lbcarson1 who is a EMPLOYEE logged in to the system.
2019-08-28 10:11:44 INFO  LoginController:39 - lbcarson1 who is a EMPLOYEE logged in to the system.
2019-08-28 10:13:50 INFO  CreateController:37 - lbcarson1 created a reimbursement.
2019-08-28 10:14:00 INFO  CreateController:37 - lbcarson1 created a reimbursement.
2019-08-28 10:14:09 INFO  CreateController:37 - lbcarson1 created a reimbursement.
2019-08-28 10:14:18 INFO  CreateController:37 - lbcarson1 created a reimbursement.
2019-08-28 10:17:16 INFO  LoginController:42 - lbcarson who is a F_N logged in to the system.
2019-08-28 10:17:51 INFO  LoginController:42 - lbcarson3 who is a F_N logged in to the system.
2019-08-28 10:19:41 INFO  LoginController:42 - lbcarson3 who is a F_N logged in to the system.
2019-08-28 10:19:44 INFO  TableViewController:28 - Reimbursement infomation was pulled from the database.
